[18:05:55] [main/INFO]: Loading Minecraft 1.20.1 with Fabric Loader 0.16.3
[18:05:56] [main/INFO]: Loading 63 mods:
	- emotecraft 2.2.7-b.build.50
	   |-- bendy-lib 4.0.0
	   \-- player-animator 1.0.2-rc1+1.20
	- fabric-api 0.92.0+1.20.1
	   |-- fabric-api-base 0.4.31+1802ada577
	   |-- fabric-api-lookup-api-v1 1.6.36+1802ada577
	   |-- fabric-biome-api-v1 13.0.13+1802ada577
	   |-- fabric-block-api-v1 1.0.11+1802ada577
	   |-- fabric-block-view-api-v2 1.0.1+1802ada577
	   |-- fabric-blockrenderlayer-v1 1.1.41+1802ada577
	   |-- fabric-client-tags-api-v1 1.1.2+1802ada577
	   |-- fabric-command-api-v1 1.2.34+f71b366f77
	   |-- fabric-command-api-v2 2.2.13+1802ada577
	   |-- fabric-commands-v0 0.2.51+df3654b377
	   |-- fabric-containers-v0 0.1.64+df3654b377
	   |-- fabric-content-registries-v0 4.0.11+1802ada577
	   |-- fabric-convention-tags-v1 1.5.5+1802ada577
	   |-- fabric-crash-report-info-v1 0.2.19+1802ada577
	   |-- fabric-data-attachment-api-v1 1.0.0+de0fd6d177
	   |-- fabric-data-generation-api-v1 12.3.4+1802ada577
	   |-- fabric-dimensions-v1 2.1.54+1802ada577
	   |-- fabric-entity-events-v1 1.6.0+1c78457f77
	   |-- fabric-events-interaction-v0 0.6.2+1802ada577
	   |-- fabric-events-lifecycle-v0 0.2.63+df3654b377
	   |-- fabric-game-rule-api-v1 1.0.40+1802ada577
	   |-- fabric-item-api-v1 2.1.28+1802ada577
	   |-- fabric-item-group-api-v1 4.0.12+1802ada577
	   |-- fabric-key-binding-api-v1 1.0.37+1802ada577
	   |-- fabric-keybindings-v0 0.2.35+df3654b377
	   |-- fabric-lifecycle-events-v1 2.2.22+1802ada577
	   |-- fabric-loot-api-v2 1.2.1+1802ada577
	   |-- fabric-loot-tables-v1 1.1.45+9e7660c677
	   |-- fabric-message-api-v1 5.1.9+1802ada577
	   |-- fabric-mining-level-api-v1 2.1.50+1802ada577
	   |-- fabric-model-loading-api-v1 1.0.3+1802ada577
	   |-- fabric-models-v0 0.4.2+9386d8a777
	   |-- fabric-networking-api-v1 1.3.11+1802ada577
	   |-- fabric-networking-v0 0.3.51+df3654b377
	   |-- fabric-object-builder-api-v1 11.1.3+1802ada577
	   |-- fabric-particles-v1 1.1.2+1802ada577
	   |-- fabric-recipe-api-v1 1.0.21+1802ada577
	   |-- fabric-registry-sync-v0 2.3.3+1802ada577
	   |-- fabric-renderer-api-v1 3.2.1+1802ada577
	   |-- fabric-renderer-indigo 1.5.1+1802ada577
	   |-- fabric-renderer-registries-v1 3.2.46+df3654b377
	   |-- fabric-rendering-data-attachment-v1 0.3.37+92a0d36777
	   |-- fabric-rendering-fluids-v1 3.0.28+1802ada577
	   |-- fabric-rendering-v0 1.1.49+df3654b377
	   |-- fabric-rendering-v1 3.0.8+1802ada577
	   |-- fabric-resource-conditions-api-v1 2.3.8+1802ada577
	   |-- fabric-resource-loader-v0 0.11.10+1802ada577
	   |-- fabric-screen-api-v1 2.0.8+1802ada577
	   |-- fabric-screen-handler-api-v1 1.3.30+1802ada577
	   |-- fabric-sound-api-v1 1.0.13+1802ada577
	   |-- fabric-transfer-api-v1 3.3.4+1802ada577
	   \-- fabric-transitive-access-wideners-v1 4.3.1+1802ada577
	- fabric-language-kotlin 1.13.6+kotlin.2.2.20
	   |-- org_jetbrains_kotlin_kotlin-reflect 2.2.20
	   |-- org_jetbrains_kotlin_kotlin-stdlib 2.2.20
	   |-- org_jetbrains_kotlin_kotlin-stdlib-jdk7 2.2.20
	   |-- org_jetbrains_kotlin_kotlin-stdlib-jdk8 2.2.20
	   |-- org_jetbrains_kotlinx_atomicfu-jvm 0.29.0
	   |-- org_jetbrains_kotlinx_kotlinx-coroutines-core-jvm 1.10.2
	   |-- org_jetbrains_kotlinx_kotlinx-coroutines-jdk8 1.10.2
	   |-- org_jetbrains_kotlinx_kotlinx-datetime-jvm 0.7.1
	   |-- org_jetbrains_kotlinx_kotlinx-io-bytestring-jvm 0.8.0
	   |-- org_jetbrains_kotlinx_kotlinx-io-core-jvm 0.8.0
	   |-- org_jetbrains_kotlinx_kotlinx-serialization-cbor-jvm 1.9.0
	   |-- org_jetbrains_kotlinx_kotlinx-serialization-core-jvm 1.9.0
	   \-- org_jetbrains_kotlinx_kotlinx-serialization-json-jvm 1.9.0
	- fabricloader 0.17.2
	   \-- mixinextras 0.5.0
	- geckolib 4.8.2
	   \-- com_eliotlash_mclib_mclib 20
	- java 17
	- minecraft 1.20.1
	- orbital_railgun 1.1
	   \-- satin 1.14.0
[18:05:56] [main/INFO]: SpongePowered MIXIN Subsystem Version=0.8.7 Source=file:/workspaces/Server-Pibes-2025/servidor_minecraft/libraries/net/fabricmc/sponge-mixin/0.15.2+mixin.0.8.7/sponge-mixin-0.15.2+mixin.0.8.7.jar Service=Knot/Fabric Env=SERVER
[18:05:56] [main/INFO]: Compatibility level set to JAVA_16
[18:05:56] [main/INFO]: Compatibility level set to JAVA_17
[18:05:57] [main/INFO]: Initializing MixinExtras via com.llamalad7.mixinextras.service.MixinExtrasServiceImpl(version=0.5.0).
[18:06:08] [main/INFO]: Environment: authHost='https://authserver.mojang.com', accountsHost='https://api.mojang.com', sessionHost='https://sessionserver.mojang.com', servicesHost='https://api.minecraftservices.com', name='PROD'
[18:06:11] [main/INFO]: Loaded 7 recipes
[18:06:12] [main/INFO]: Loaded 1271 advancements
[18:06:12] [main/INFO]: Applied 0 biome modifications to 0 of 64 new biomes in 1.750 ms
[18:06:12] [Server thread/INFO]: Starting minecraft server version 1.20.1
[18:06:12] [Server thread/INFO]: Loading properties
[18:06:12] [Server thread/INFO]: Default game type: CREATIVE
[18:06:12] [Server thread/INFO]: Generating keypair
[18:06:13] [Server thread/INFO]: Starting Minecraft server on *:25565
[18:06:13] [Server thread/INFO]: Using epoll channel type
[18:06:13] [Server thread/WARN]: **** SERVER IS RUNNING IN OFFLINE/INSECURE MODE!
[18:06:13] [Server thread/WARN]: The server will make no attempt to authenticate usernames. Beware.
[18:06:13] [Server thread/WARN]: While this makes the game possible to play without internet access, it also opens up the ability for hackers to connect with any username they choose.
[18:06:13] [Server thread/WARN]: To change this, set "online-mode" to "true" in the server.properties file.
[18:06:13] [Server thread/INFO]: Preparing level "world"
[18:06:19] [Server thread/INFO]: Preparing start region for dimension minecraft:overworld
[18:06:23] [Worker-Main-1/INFO]: Preparing spawn area: 0%
[18:06:23] [Worker-Main-1/INFO]: Preparing spawn area: 0%
[18:06:23] [Worker-Main-1/INFO]: Preparing spawn area: 0%
[18:06:23] [Worker-Main-1/INFO]: Preparing spawn area: 0%
[18:06:23] [Worker-Main-1/INFO]: Preparing spawn area: 0%
[18:06:23] [Worker-Main-1/INFO]: Preparing spawn area: 0%
[18:06:24] [Worker-Main-1/INFO]: Preparing spawn area: 0%
[18:06:24] [Worker-Main-1/INFO]: Preparing spawn area: 0%
[18:06:24] [Worker-Main-1/INFO]: Preparing spawn area: 0%
[18:06:24] [Worker-Main-1/INFO]: Preparing spawn area: 0%
[18:06:24] [Worker-Main-1/INFO]: Preparing spawn area: 0%
[18:06:24] [Worker-Main-1/INFO]: Preparing spawn area: 0%
[18:06:25] [Worker-Main-1/INFO]: Preparing spawn area: 0%
[18:06:25] [Worker-Main-1/INFO]: Preparing spawn area: 0%
[18:06:26] [Worker-Main-1/INFO]: Preparing spawn area: 0%
[18:06:26] [Worker-Main-1/INFO]: Preparing spawn area: 0%
[18:06:27] [Worker-Main-1/INFO]: Preparing spawn area: 0%
[18:06:27] [Worker-Main-1/INFO]: Preparing spawn area: 0%
[18:06:28] [Worker-Main-1/INFO]: Preparing spawn area: 0%
[18:06:29] [Server thread/INFO]: Time elapsed: 9954 ms
[18:06:29] [Server thread/INFO]: Done (15.991s)! For help, type "help"
[18:06:40] [Server thread/INFO]: felpudo20[/100.124.176.14:63133] logged in with entity id 184 at (181.02805364578785, 63.0, 318.247305281123)
[18:06:40] [Server thread/INFO]: felpudo20 joined the game
[18:06:40] [Server thread/INFO]: felpudo20 lost connection: Disconnected
[18:06:40] [Server thread/INFO]: felpudo20 left the game
[18:06:40] [Server thread/WARN]: handleDisconnection() called twice
[18:06:42] [Server thread/INFO]: felpudo20[/100.124.176.14:63195] logged in with entity id 186 at (181.02805364578785, 63.0, 318.247305281123)
[18:06:42] [Server thread/INFO]: felpudo20 joined the game
[18:07:12] [Server thread/INFO]: felpudo20 lost connection: Timed out
[18:07:12] [Server thread/INFO]: felpudo20 left the game
[18:07:15] [Server thread/INFO]: felpudo20[/100.124.176.14:63197] logged in with entity id 744 at (179.02050691446217, 69.24918707874468, 314.46774400395753)
[18:07:15] [Server thread/INFO]: felpudo20 joined the game
[18:07:40] [Server thread/INFO]: felpudo20 lost connection: You logged in from another location
[18:07:40] [Server thread/INFO]: felpudo20 left the game
[18:07:40] [Server thread/INFO]: felpudo20[/100.124.176.14:63204] logged in with entity id 1296 at (180.15375858367608, 68.0, 314.3205913014303)
[18:07:41] [Server thread/INFO]: felpudo20 joined the game
[18:07:51] [Server thread/INFO]: juanito[/100.86.178.113:2209] logged in with entity id 1311 at (180.78716478157588, 63.0, 316.57664374546323)
[18:07:51] [Server thread/INFO]: juanito joined the game
[18:08:21] [Server thread/INFO]: konito[/100.117.14.127:50501] logged in with entity id 1389 at (167.55330133712545, 73.0, 317.0460306695362)
[18:08:21] [Server thread/INFO]: konito joined the game
[18:09:32] [Server thread/INFO]: [felpudo20: Set the weather to clear]
[18:12:11] [Server thread/INFO]: felpudo20 lost connection: Timed out
[18:12:11] [Server thread/INFO]: felpudo20 left the game
[18:12:16] [Server thread/INFO]: felpudo20[/100.124.176.14:63290] logged in with entity id 2183 at (179.50364401830439, 63.0, 327.07828672469753)
[18:12:16] [Server thread/INFO]: felpudo20 joined the game
[18:16:01] [Server thread/INFO]: felpudo20 lost connection: Timed out
[18:16:01] [Server thread/INFO]: felpudo20 left the game
[18:16:09] [Server thread/INFO]: felpudo20[/100.124.176.14:63315] logged in with entity id 2786 at (190.61399730430784, 63.0, 324.97835478219116)
[18:16:09] [Server thread/INFO]: felpudo20 joined the game
[18:21:02] [Server thread/INFO]: felpudo20 lost connection: Disconnected
[18:21:02] [Server thread/INFO]: felpudo20 left the game
[18:22:07] [Server thread/INFO]: felpudo20[/100.124.176.14:63784] logged in with entity id 3565 at (193.71609767529844, 63.0, 324.9542075408291)
[18:22:07] [Server thread/INFO]: felpudo20 joined the game
[18:30:22] [Server thread/WARN]: felpudo20 moved too quickly! 1.4058732893191745,0.0,-10.336424393297875
[18:30:26] [Server thread/INFO]: Named entity class_1493['Juanchi'/4711, l='ServerLevel[world]', x=707.70, y=68.88, z=311.30] died: Juanchi was slain by felpudo20
[18:36:01] [Server thread/WARN]: felpudo20 moved too quickly! -10.017352516190499,0.0,-1.2527720658640078
[18:36:03] [Server thread/WARN]: felpudo20 moved too quickly! 0.24765988920614745,1.0104000401496904,10.320486373469407
[18:36:05] [Server thread/WARN]: felpudo20 moved too quickly! 1.0881306304765985,0.0,10.361918449280324
[18:36:24] [Server thread/INFO]: felpudo20 lost connection: Timed out
[18:36:24] [Server thread/INFO]: felpudo20 left the game
[18:42:56] [Server thread/INFO]: felpudo20[/100.124.176.14:49876] logged in with entity id 8344 at (700.1724065409506, 76.03744635853657, 338.0629563181321)
[18:42:56] [Server thread/INFO]: felpudo20 joined the game
[18:44:18] [Server thread/INFO]: felpudo20 lost connection: You logged in from another location
[18:44:18] [Server thread/INFO]: felpudo20 left the game
[18:44:19] [Server thread/WARN]: handleDisconnection() called twice
[18:44:19] [Server thread/INFO]: felpudo20[/100.124.176.14:49884] logged in with entity id 8665 at (694.5428668894259, 67.0, 331.5074888706964)
[18:44:19] [Server thread/INFO]: felpudo20 joined the game
[18:45:24] [Server thread/WARN]: felpudo20 moved too quickly! -4.143614860922639,4.12490043252788,-8.635675025537012
[18:46:19] [Server thread/INFO]: felpudo20 lost connection: Timed out
[18:46:19] [Server thread/INFO]: felpudo20 left the game
[18:46:31] [Server thread/INFO]: com.mojang.authlib.GameProfile@290b02ee[id=<null>,name=felpudo20,properties={},legacy=false] (/100.124.176.14:49896) lost connection: Disconnected
[18:46:42] [Server thread/INFO]: felpudo20[/100.124.176.14:49977] logged in with entity id 9729 at (355.39744965692114, 79.09201006504047, 221.3444091377493)
[18:46:42] [Server thread/INFO]: felpudo20 joined the game
[18:46:48] [Server thread/WARN]: felpudo20 moved too quickly! 0.0,-10.806526110008988,0.0
[18:47:17] [Server thread/INFO]: Villager class_1646['Villager'/1, l='ServerLevel[world]', x=-7.01, y=120.00, z=0.07] died, message: 'Villager was killed'
[18:47:17] [Server thread/INFO]: Villager class_1646['Villager'/2, l='ServerLevel[world]', x=-5.93, y=120.00, z=0.07] died, message: 'Villager was killed'
[18:47:17] [Server thread/INFO]: Villager class_1646['Villager'/6, l='ServerLevel[world]', x=-7.93, y=120.00, z=0.43] died, message: 'Villager was killed'
[18:47:17] [Server thread/INFO]: Villager class_1646['Nitwit'/13, l='ServerLevel[world]', x=6.93, y=120.00, z=-11.93] died, message: 'Nitwit was killed'
[18:47:17] [Server thread/INFO]: Villager class_1646['Villager'/14, l='ServerLevel[world]', x=10.07, y=120.00, z=-11.93] died, message: 'Villager was killed'
[18:47:17] [Server thread/INFO]: Villager class_1646['Villager'/15, l='ServerLevel[world]', x=10.07, y=120.00, z=-12.68] died, message: 'Villager was killed'
[18:47:17] [Server thread/INFO]: Villager class_1646['Villager'/16, l='ServerLevel[world]', x=18.50, y=122.00, z=-14.50] died, message: 'Villager was killed'
[18:47:17] [Server thread/INFO]: Villager class_1646['Villager'/17, l='ServerLevel[world]', x=10.07, y=120.00, z=-16.07] died, message: 'Villager was killed'
[18:47:17] [Server thread/INFO]: Villager class_1646['Villager'/22, l='ServerLevel[world]', x=-12.30, y=134.05, z=-51.70] died, message: 'Villager was killed'
[18:47:17] [Server thread/INFO]: Villager class_1646['Villager'/23, l='ServerLevel[world]', x=-12.61, y=135.05, z=-50.70] died, message: 'Villager was killed'
[18:47:17] [Server thread/INFO]: Villager class_1646['Villager'/24, l='ServerLevel[world]', x=-13.30, y=135.64, z=-51.70] died, message: 'Villager was killed'
[18:47:17] [Server thread/INFO]: Villager class_1646['Villager'/25, l='ServerLevel[world]', x=-13.30, y=136.05, z=-51.07] died, message: 'Villager was killed'
[18:47:17] [Server thread/INFO]: juanito was killed
[18:47:17] [Server thread/INFO]: konito was killed
[18:47:17] [Server thread/INFO]: felpudo20 was killed
[18:47:17] [Server thread/INFO]: [felpudo20: Killed 1150 entities]
[18:48:55] [Server thread/WARN]: felpudo20 moved too quickly! 7.332964998454443,0.0,8.03789201395611
[18:49:01] [Server thread/WARN]: felpudo20 moved too quickly! 7.594616604811051,0.0,7.3705231454684395
[18:49:03] [Server thread/WARN]: felpudo20 moved too quickly! 9.887288924001979,0.0,4.780367727918474
[18:49:14] [Server thread/WARN]: felpudo20 moved too quickly! 8.950349448585143,-1.3552191541535024,4.423782700828326
[18:49:54] [Server thread/INFO]: felpudo20 lost connection: You logged in from another location
[18:49:54] [Server thread/INFO]: felpudo20 left the game
[18:49:54] [Server thread/INFO]: felpudo20[/100.124.176.14:50032] logged in with entity id 14488 at (198.94169872029144, 91.03733359265622, 258.52783223527086)
[18:49:54] [Server thread/INFO]: felpudo20 joined the game
[18:50:26] [Server thread/WARN]: felpudo20 moved too quickly! 0.8514609336687897,0.0,10.166177785103628
[18:52:45] [Server thread/INFO]: felpudo20 lost connection: Disconnected
[18:52:45] [Server thread/INFO]: felpudo20 left the game
[18:52:48] [Server thread/INFO]: felpudo20[/100.124.176.14:50036] logged in with entity id 15595 at (189.42050769227663, 63.0, 322.17348113893763)
[18:52:48] [Server thread/INFO]: felpudo20 joined the game
[18:53:36] [Server thread/INFO]: felpudo20 has made the advancement [Diamonds!]
[18:54:28] [Server thread/WARN]: felpudo20 moved too quickly! 0.4246474292087896,0.0,-10.632237114666566
[18:54:47] [Server thread/WARN]: felpudo20 moved too quickly! 0.4943847401647474,0.0,-10.722497416290935
[18:54:48] [Server thread/INFO]: felpudo20 lost connection: Disconnected
[18:54:48] [Server thread/INFO]: felpudo20 left the game
[18:54:48] [Server thread/WARN]: handleDisconnection() called twice
[18:54:50] [Server thread/INFO]: felpudo20[/100.124.176.14:50047] logged in with entity id 17020 at (179.77262746736963, 75.35778124904894, 356.4258384222287)
[18:54:50] [Server thread/INFO]: felpudo20 joined the game
[18:54:57] [Server thread/WARN]: felpudo20 moved too quickly! -2.4936216645064633,0.0,-9.70598486775981
[18:56:59] [Server thread/INFO]: [Not Secure] <konito> codeineee
[18:57:02] [Server thread/INFO]: [felpudo20: Teleported 3 entities to felpudo20]
[18:57:28] [Server thread/WARN]: felpudo20 moved too quickly! 0.597529080748302,5.351097091328867,9.299758065382036
[18:57:48] [Server thread/WARN]: felpudo20 moved too quickly! -8.55632028294977,2.7022933782433682,4.524610236435819
[18:58:28] [Server thread/INFO]: Unknown or incomplete command, see below for error
[18:58:28] [Server thread/INFO]: done<--[HERE]
[18:58:30] [Server thread/INFO]: Stopping the server
[18:58:30] [Server thread/INFO]: Stopping server
[18:58:30] [Server thread/INFO]: Saving players
[18:58:30] [Server thread/INFO]: Saving worlds
[18:58:30] [Server thread/INFO]: Saving chunks for level 'ServerLevel[world]'/minecraft:overworld
[18:58:31] [Server thread/INFO]: Saving chunks for level 'ServerLevel[world]'/minecraft:the_nether
[18:58:31] [Server thread/INFO]: Saving chunks for level 'ServerLevel[world]'/minecraft:the_end
[18:58:31] [Server thread/INFO]: ThreadedAnvilChunkStorage (world): All chunks are saved
[18:58:31] [Server thread/INFO]: ThreadedAnvilChunkStorage (DIM-1): All chunks are saved
[18:58:31] [Server thread/INFO]: ThreadedAnvilChunkStorage (DIM1): All chunks are saved
[18:58:31] [Server thread/INFO]: ThreadedAnvilChunkStorage: All dimensions are saved
